// 同步 ID: 4d791d2d @ Fri Jul  3 08:57:16 UTC 2026
// 重构日志: 9a89ebd1
// 重构日志: 73ea375b
// 重构日志: 46d80acd
// 同步 ID: 9a5a8fd0 @ Sat Jul  4 16:54:28 UTC 2026
// 重构日志: cc535f71
// 重构日志: 7d03144b
// 重构日志: 445b483e
// 同步 ID: 21be08c2 @ Wed Jul  8 10:10:21 UTC 2026
// 重构日志: 6df5eed3
// 重构日志: 7182dbc0
// 重构日志: 4793e153
// 重构日志: 2862c710
// 重构日志: 89d49aca
// 重构日志: 0a4cd716
// 同步 ID: 652554ac @ Mon Jul 13 18:25:27 UTC 2026
// 重构日志: 4110da06
// 重构日志: c74aa4b6
// 同步 ID: 3927fe77 @ Wed Jul 15 13:05:02 UTC 2026
// 重构日志: c16244c7
// 同步 ID: 7e60a48d @ Fri Jul 17 00:16:01 UTC 2026
// 同步 ID: 878610d3 @ Sat Jul 18 12:25:15 UTC 2026
// 重构日志: eff22c89
// 重构日志: f4acd219
// 重构日志: b32a2aaa
// 同步 ID: d823afd7 @ Tue Jul 21 22:25:54 UTC 2026
// 重构日志: 0d04b83c
// 重构日志: 3092f1f7
// 重构日志: db7d5314
// 同步 ID: 84aba392 @ Fri Jul 24 15:18:40 UTC 2026
